<?xml version="1.0" encoding="UTF-8"?>
<testng-results ignored="0" total="1" passed="1" failed="0" skipped="0">
  <reporter-output>
  </reporter-output>
  <suite started-at="2024-11-03T07:58:38 WAT" name="Surefire suite" finished-at="2024-11-03T08:00:29 WAT" duration-ms="111298">
    <groups>
    </groups>
    <test started-at="2024-11-03T07:58:38 WAT" name="Surefire test" finished-at="2024-11-03T08:00:29 WAT" duration-ms="111298">
      <class name="testapp.AppTest">
        <test-method signature="testLoginLogout()[pri:0, instance:testapp.AppTest@1ad282e0]" started-at="2024-11-03T07:58:38 WAT" name="testLoginLogout" finished-at="2024-11-03T08:00:29 WAT" duration-ms="111253" status="PASS">
          <reporter-output>
          </reporter-output>
        </test-method> <!-- testLoginLogout -->
      </class> <!-- testapp.AppTest -->
    </test> <!-- Surefire test -->
  </suite> <!-- Surefire suite -->
</testng-results>
